<?xml version="1.0" encoding="UTF-8"?>
<!-- Generated by org.testng.reporters.JUnitReportReporter -->
<testsuite skipped="0" hostname="LAPTOP-V1G862B9" name="jenkin.TC_001" tests="1" failures="0" timestamp="17 May 2020 03:18:08 GMT" time="9.684" errors="0">
  <testcase name="TS_001" time="9.684" classname="jenkin.TC_001"/>
</testsuite> <!-- jenkin.TC_001 -->
